Added Component: Designator=C1(CERAMIC_CAPACITOR_GENERIC_PTH)
Add component (AddParameter): Name = "Value"; Value = "47 nF"; VariantName = "[No Variations]"
Added Component: Designator=C2(CERAMIC_CAPACITOR_GENERIC_PTH)
Add component (AddParameter): Name = "Value"; Value = "220 nF"; VariantName = "[No Variations]"
Added Component: Designator=D1(TO-220)
Add component (AddParameter): Name = "PartNumber"; Value = "TIC226D"; VariantName = "[No Variations]"
Added Component: Designator=D2(DO-35)
Add component (AddParameter): Name = "PartNumber"; Value = "DB3"; VariantName = "[No Variations]"
Added Component: Designator=J1(1888687)
Add component (AddParameter): Name = "PartNumber"; Value = "1888687"; VariantName = "[No Variations]"
Added Component: Designator=J2(640456-2)
Add component (AddParameter): Name = "PartNumber"; Value = "640456-2"; VariantName = "[No Variations]"
Added Component: Designator=J3(640456-3)
Add component (AddParameter): Name = "PartNumber"; Value = "640456-3"; VariantName = "[No Variations]"
Added Component: Designator=J4(1888687)
Add component (AddParameter): Name = "PartNumber"; Value = "1888687"; VariantName = "[No Variations]"
Added Component: Designator=R1(RESISTOR_1-4_PTH)
Add component (AddParameter): Name = "Value"; Value = "330 Ohms"; VariantName = "[No Variations]"
Added Component: Designator=R2(RESISTOR_1-4_PTH)
Add component (AddParameter): Name = "Value"; Value = "10 kOhms"; VariantName = "[No Variations]"
Added Pin To Net: NetName=NetC1_1 Pin=C1-1
Added Pin To Net: NetName=NetC1_1 Pin=R1-1
Added Net: Name=NetC1_1
Added Pin To Net: NetName=NetC1_2 Pin=C1-2
Added Pin To Net: NetName=NetC1_2 Pin=C2-2
Added Pin To Net: NetName=NetC1_2 Pin=D1-1
Added Pin To Net: NetName=NetC1_2 Pin=J4-2
Added Net: Name=NetC1_2
Added Pin To Net: NetName=NetC2_1 Pin=C2-1
Added Pin To Net: NetName=NetC2_1 Pin=D2-1
Added Pin To Net: NetName=NetC2_1 Pin=R2-1
Added Net: Name=NetC2_1
Added Pin To Net: NetName=NetD1_2 Pin=D1-2
Added Pin To Net: NetName=NetD1_2 Pin=J2-2
Added Pin To Net: NetName=NetD1_2 Pin=J3-1
Added Pin To Net: NetName=NetD1_2 Pin=J3-2
Added Pin To Net: NetName=NetD1_2 Pin=R1-2
Added Net: Name=NetD1_2
Added Pin To Net: NetName=NetD1_3 Pin=D1-3
Added Pin To Net: NetName=NetD1_3 Pin=D2-2
Added Net: Name=NetD1_3
Added Pin To Net: NetName=NetJ1_1 Pin=J1-1
Added Pin To Net: NetName=NetJ1_1 Pin=J2-1
Added Net: Name=NetJ1_1
Added Pin To Net: NetName=NetJ1_2 Pin=J1-2
Added Pin To Net: NetName=NetJ1_2 Pin=J4-1
Added Net: Name=NetJ1_2
Added Pin To Net: NetName=NetJ3_3 Pin=J3-3
Added Pin To Net: NetName=NetJ3_3 Pin=R2-2
Added Net: Name=NetJ3_3
Added Class: Name=Schematic
